<?xml version="1.0" encoding="UTF-8"?>
<!-- Generated by org.testng.reporters.JUnitReportReporter -->
<testsuite skipped="0" hostname="DESKTOP-6D52Q0G" name="com.actitime.testscript.CutomerModule" tests="1" failures="0" timestamp="2021-10-19T18:33:57 IST" time="18.885" errors="0">
  <testcase name="testCreateCustomer" time="18.885" classname="com.actitime.testscript.CutomerModule"/>
  <system-out/>
</testsuite> <!-- com.actitime.testscript.CutomerModule -->
